samples/SwitchUserSample/build/outputs/logs/manifest-merger-debug-report.txt
-- Merging decision tree log ---
manifest
ADDED from samples\SwitchUserSample\AndroidManifest.xml:21:1-48:12
	package
		ADDED from samples\SwitchUserSample\AndroidManifest.xml:22:5-37
	android:versionName
		ADDED from samples\SwitchUserSample\AndroidManifest.xml:24:5-30
	android:versionCode
		ADDED from samples\SwitchUserSample\AndroidManifest.xml:23:5-28
		INJECTED from samples\SwitchUserSample\AndroidManifest.xml
		INJECTED from samples\SwitchUserSample\AndroidManifest.xml
	xmlns:android
		ADDED from samples\SwitchUserSample\AndroidManifest.xml:21:11-69
uses-permission#android.permission.INTERNET
ADDED from samples\SwitchUserSample\AndroidManifest.xml:26:5-67
	android:name
		ADDED from samples\SwitchUserSample\AndroidManifest.xml:26:22-64
application
ADDED from samples\SwitchUserSample\AndroidManifest.xml:27:5-47:19
MERGED from [com.facebook.android:facebook:4.5.0] AndroidManifest.xml:28:5-20
MERGED from [com.android.support:support-v4:22.2.1] AndroidManifest.xml:22:5-20
MERGED from [com.android.support:appcompat-v7:21.0.3] AndroidManifest.xml:16:5-19
MERGED from [com.android.support:support-v4:22.2.1] AndroidManifest.xml:22:5-20
	android:label
		ADDED from samples\SwitchUserSample\AndroidManifest.xml:30:9-41
	android:allowBackup
		ADDED from samples\SwitchUserSample\AndroidManifest.xml:28:9-36
	android:icon
		ADDED from samples\SwitchUserSample\AndroidManifest.xml:29:9-38
activity#com.example.switchuser.MainActivity
ADDED from samples\SwitchUserSample\AndroidManifest.xml:31:9-40:20
	android:label
		ADDED from samples\SwitchUserSample\AndroidManifest.xml:33:13-45
	android:windowSoftInputMode
		ADDED from samples\SwitchUserSample\AndroidManifest.xml:35:13-55
	android:theme
		ADDED from samples\SwitchUserSample\AndroidManifest.xml:34:13-51
	android:name
		ADDED from samples\SwitchUserSample\AndroidManifest.xml:32:13-63
intent-filter#android.intent.action.MAIN+android.intent.category.LAUNCHER
ADDED from samples\SwitchUserSample\AndroidManifest.xml:36:13-39:29
action#android.intent.action.MAIN
ADDED from samples\SwitchUserSample\AndroidManifest.xml:37:17-69
	android:name
		ADDED from samples\SwitchUserSample\AndroidManifest.xml:37:25-66
category#android.intent.category.LAUNCHER
ADDED from samples\SwitchUserSample\AndroidManifest.xml:38:17-77
	android:name
		ADDED from samples\SwitchUserSample\AndroidManifest.xml:38:27-74
activity#com.facebook.FacebookActivity
ADDED from samples\SwitchUserSample\AndroidManifest.xml:41:9-44:54
	android:label
		ADDED from samples\SwitchUserSample\AndroidManifest.xml:44:19-51
	android:configChanges
		ADDED from samples\SwitchUserSample\AndroidManifest.xml:42:19-102
	android:theme
		ADDED from samples\SwitchUserSample\AndroidManifest.xml:43:19-78
	android:name
		ADDED from samples\SwitchUserSample\AndroidManifest.xml:41:19-63
meta-data#com.facebook.sdk.ApplicationId
ADDED from samples\SwitchUserSample\AndroidManifest.xml:45:9-98
	android:value
		ADDED from samples\SwitchUserSample\AndroidManifest.xml:45:66-96
	android:name
		ADDED from samples\SwitchUserSample\AndroidManifest.xml:45:20-65
meta-data#com.facebook.sdk.ApplicationName
ADDED from samples\SwitchUserSample\AndroidManifest.xml:46:9-103
	android:value
		ADDED from samples\SwitchUserSample\AndroidManifest.xml:46:68-100
	android:name
		ADDED from samples\SwitchUserSample\AndroidManifest.xml:46:20-67
uses-sdk
INJECTED from samples\SwitchUserSample\AndroidManifest.xml reason: use-sdk injection requested
MERGED from [com.facebook.android:facebook:4.5.0] AndroidManifest.xml:24:5-26:41
MERGED from [com.android.support:support-v4:22.2.1] AndroidManifest.xml:20:5-43
MERGED from [com.android.support:appcompat-v7:21.0.3] AndroidManifest.xml:15:5-42
MERGED from [com.android.support:support-v4:22.2.1] AndroidManifest.xml:20:5-43
	android:targetSdkVersion
		INJECTED from samples\SwitchUserSample\AndroidManifest.xml
		INJECTED from samples\SwitchUserSample\AndroidManifest.xml
	android:minSdkVersion
		INJECTED from samples\SwitchUserSample\AndroidManifest.xml
		INJECTED from samples\SwitchUserSample\AndroidManifest.xml